<?xml version="1.0" encoding="UTF-8"?>
<testsuite xmlns:xsi="http://www.w3.org/2001/XMLSchema-instance" xsi:noNamespaceSchemaLocation="https://maven.apache.org/surefire/maven-surefire-plugin/xsd/surefire-test-report-3.0.xsd" version="3.0" name="TestSuite" time="0.417" tests="4" errors="0" skipped="0" failures="0">
  <properties>
    <property name="java.specification.version" value="19"/>
    <property name="sun.cpu.isalist" value="amd64"/>
    <property name="sun.jnu.encoding" value="Cp1252"/>
    <property name="java.class.path" value="C:\Users\003DQY744\Desktop\Learning\Java_SAP\PracticeGitCICD\target\test-classes;C:\Users\003DQY744\Desktop\Learning\Java_SAP\PracticeGitCICD\target\classes;C:\Users\003DQY744\.m2\repository\org\testng\testng\7.7.1\testng-7.7.1.jar;C:\Users\003DQY744\.m2\repository\org\slf4j\slf4j-api\1.7.36\slf4j-api-1.7.36.jar;C:\Users\003DQY744\.m2\repository\com\beust\jcommander\1.82\jcommander-1.82.jar;C:\Users\003DQY744\.m2\repository\org\webjars\jquery\3.6.1\jquery-3.6.1.jar;C:\Users\003DQY744\.m2\repository\log4j\log4j\1.2.17\log4j-1.2.17.jar;C:\Users\003DQY744\.m2\repository\ch\qos\logback\logback-classic\1.4.11\logback-classic-1.4.11.jar;C:\Users\003DQY744\.m2\repository\ch\qos\logback\logback-core\1.4.11\logback-core-1.4.11.jar;"/>
    <property name="java.vm.vendor" value="Oracle Corporation"/>
    <property name="sun.arch.data.model" value="64"/>
    <property name="user.variant" value=""/>
    <property name="java.vendor.url" value="https://java.oracle.com/"/>
    <property name="user.timezone" value="Asia/Calcutta"/>
    <property name="os.name" value="Windows 11"/>
    <property name="java.vm.specification.version" value="19"/>
    <property name="sun.java.launcher" value="SUN_STANDARD"/>
    <property name="user.country" value="IN"/>
    <property name="sun.boot.library.path" value="C:\Program Files\Java\jdk-19\bin"/>
    <property name="sun.java.command" value="C:\Users\003DQY744\AppData\Local\Temp\surefire8900588728868500705\surefirebooter-20230926191348886_3.jar C:\Users\003DQY744\AppData\Local\Temp\surefire8900588728868500705 2023-09-26T19-13-48_752-jvmRun1 surefire-20230926191348886_1tmp surefire_0-20230926191348886_2tmp"/>
    <property name="jdk.debug" value="release"/>
    <property name="surefire.test.class.path" value="C:\Users\003DQY744\Desktop\Learning\Java_SAP\PracticeGitCICD\target\test-classes;C:\Users\003DQY744\Desktop\Learning\Java_SAP\PracticeGitCICD\target\classes;C:\Users\003DQY744\.m2\repository\org\testng\testng\7.7.1\testng-7.7.1.jar;C:\Users\003DQY744\.m2\repository\org\slf4j\slf4j-api\1.7.36\slf4j-api-1.7.36.jar;C:\Users\003DQY744\.m2\repository\com\beust\jcommander\1.82\jcommander-1.82.jar;C:\Users\003DQY744\.m2\repository\org\webjars\jquery\3.6.1\jquery-3.6.1.jar;C:\Users\003DQY744\.m2\repository\log4j\log4j\1.2.17\log4j-1.2.17.jar;C:\Users\003DQY744\.m2\repository\ch\qos\logback\logback-classic\1.4.11\logback-classic-1.4.11.jar;C:\Users\003DQY744\.m2\repository\ch\qos\logback\logback-core\1.4.11\logback-core-1.4.11.jar;"/>
    <property name="sun.cpu.endian" value="little"/>
    <property name="user.home" value="C:\Users\003DQY744"/>
    <property name="user.language" value="en"/>
    <property name="java.specification.vendor" value="Oracle Corporation"/>
    <property name="java.version.date" value="2022-10-18"/>
    <property name="java.home" value="C:\Program Files\Java\jdk-19"/>
    <property name="file.separator" value="\"/>
    <property name="basedir" value="C:\Users\003DQY744\Desktop\Learning\Java_SAP\PracticeGitCICD"/>
    <property name="java.vm.compressedOopsMode" value="Zero based"/>
    <property name="line.separator" value="&#10;"/>
    <property name="java.vm.specification.vendor" value="Oracle Corporation"/>
    <property name="java.specification.name" value="Java Platform API Specification"/>
    <property name="surefire.real.class.path" value="C:\Users\003DQY744\AppData\Local\Temp\surefire8900588728868500705\surefirebooter-20230926191348886_3.jar"/>
    <property name="user.script" value=""/>
    <property name="sun.management.compiler" value="HotSpot 64-Bit Tiered Compilers"/>
    <property name="java.runtime.version" value="19.0.1+10-21"/>
    <property name="user.name" value="003DQY744"/>
    <property name="stdout.encoding" value="Cp1252"/>
    <property name="path.separator" value=";"/>
    <property name="os.version" value="10.0"/>
    <property name="java.runtime.name" value="Java(TM) SE Runtime Environment"/>
    <property name="file.encoding" value="UTF-8"/>
    <property name="java.vm.name" value="Java HotSpot(TM) 64-Bit Server VM"/>
    <property name="localRepository" value="C:\Users\003DQY744\.m2\repository"/>
    <property name="java.vendor.url.bug" value="https://bugreport.java.com/bugreport/"/>
    <property name="java.io.tmpdir" value="C:\Users\003DQY~1\AppData\Local\Temp\"/>
    <property name="java.version" value="19.0.1"/>
    <property name="user.dir" value="C:\Users\003DQY744\Desktop\Learning\Java_SAP\PracticeGitCICD"/>
    <property name="os.arch" value="amd64"/>
    <property name="java.vm.specification.name" value="Java Virtual Machine Specification"/>
    <property name="sun.os.patch.level" value=""/>
    <property name="native.encoding" value="Cp1252"/>
    <property name="java.library.path" value="C:\Program Files\Java\jdk-19\bin;C:\WINDOWS\Sun\Java\bin;C:\WINDOWS\system32;C:\WINDOWS;&quot;C:\Program Files\Java\jdk-19\bin;C:\Program Files\Common Files\Oracle\Java\javapath&quot;;C:\WINDOWS\system32;C:\WINDOWS;C:\WINDOWS\System32\Wbem;C:\WINDOWS\System32\WindowsPowerShell\v1.0\;C:\WINDOWS\System32\OpenSSH\;C:\Program Files\nodejs\;C:\Program Files\PuTTY\;C:\apache-maven-3.8.7\bin;C:\Program Files\Java\jdk-19\bin;C:\Users\003DQY744\AppData\Local\Programs\Python\Python311\Scripts;C:\Users\003DQY744\AppData\Local\Programs\Python\Python311;C:\Users\003DQY744\AppData\Local\Microsoft\WindowsApps;C:\Users\003DQY744\AppData\Roaming\npm;C:\Users\003DQY744\AppData\Local\Programs\Python\Python311;C:\Users\003DQY744\AppData\Local\Programs\Python\Python311\Scripts;C:\Users\003DQY744\AppData\Local\GitHubDesktop\bin;."/>
    <property name="java.vm.info" value="mixed mode, sharing"/>
    <property name="stderr.encoding" value="Cp1252"/>
    <property name="java.vendor" value="Oracle Corporation"/>
    <property name="java.vm.version" value="19.0.1+10-21"/>
    <property name="sun.io.unicode.encoding" value="UnicodeLittle"/>
    <property name="java.class.version" value="63.0"/>
  </properties>
  <testcase name="method1" classname="com.example.PracticeGitCICD" time="0.005">
    <system-out><![CDATA[CICD practice from method1
]]></system-out>
    <system-err><![CDATA[SLF4J: Failed to load class "org.slf4j.impl.StaticLoggerBinder".
SLF4J: Defaulting to no-operation (NOP) logger implementation
SLF4J: See http://www.slf4j.org/codes.html#StaticLoggerBinder for further details.
]]></system-err>
  </testcase>
  <testcase name="method2" classname="com.example.PracticeGitCICD" time="0.001">
    <system-out><![CDATA[CICD practice from method2
]]></system-out>
  </testcase>
  <testcase name="method1" classname="com.example.PracticeCICDGit" time="0.001">
    <system-out><![CDATA[CICD practice from other class
]]></system-out>
  </testcase>
  <testcase name="method2" classname="com.example.PracticeCICDGit" time="0.001">
    <system-out><![CDATA[CICD practice from other class2
]]></system-out>
  </testcase>
</testsuite>