<?xml version="1.0" encoding="UTF-8"?>
<!-- Generated by org.testng.reporters.JUnitReportReporter -->
<testsuite hostname="LAPTOP-KA5SCLD6" failures="0" tests="2" name="com.example.PracticeGitCICD" time="0.008" errors="0" timestamp="2023-09-26T19:13:37 IST" skipped="0">
  <testcase classname="com.example.PracticeGitCICD" name="method2" time="0.001"/>
  <system-out/>
  <testcase classname="com.example.PracticeGitCICD" name="method1" time="0.007"/>
  <system-out/>
</testsuite> <!-- com.example.PracticeGitCICD -->
