<?xml version="1.0" encoding="UTF-8"?>
<!-- Generated by org.testng.reporters.JUnitReportReporter -->
<testsuite hostname="LAPTOP-KA5SCLD6" failures="0" tests="2" name="com.example.PracticeCICDGit" time="0.001" errors="0" timestamp="2023-09-26T19:13:49 IST" skipped="0">
  <testcase classname="com.example.PracticeCICDGit" name="method2" time="0.001"/>
  <system-out/>
  <testcase classname="com.example.PracticeCICDGit" name="method1" time="0.000"/>
  <system-out/>
</testsuite> <!-- com.example.PracticeCICDGit -->
